<?xml version="1.0" encoding="UTF-8"?>
<testsuite xmlns:xsi="http://www.w3.org/2001/XMLSchema-instance" xsi:noNamespaceSchemaLocation="https://maven.apache.org/surefire/maven-surefire-plugin/xsd/surefire-test-report.xsd" name="org.springframework.samples.petclinic.owner.OwnerControllerTests" time="1.367" tests="11" errors="0" skipped="0" failures="0">
  <properties>
    <property name="git.tags" value=""/>
    <property name="java.specification.version" value="14"/>
    <property name="git.build.version" value="2.3.1.BUILD-SNAPSHOT"/>
    <property name="sun.jnu.encoding" value="UTF-8"/>
    <property name="java.class.path" value="/Users/rishis/Documents/GitHub/pet-clinic-demo/target/test-classes:/Users/rishis/Documents/GitHub/pet-clinic-demo/target/classes:/Users/rishis/.m2/repository/org/springframework/boot/spring-boot-starter-actuator/2.3.1.RELEASE/spring-boot-starter-actuator-2.3.1.RELEASE.jar:/Users/rishis/.m2/repository/org/springframework/boot/spring-boot-starter/2.3.1.RELEASE/spring-boot-starter-2.3.1.RELEASE.jar:/Users/rishis/.m2/repository/org/springframework/boot/spring-boot-starter-logging/2.3.1.RELEASE/spring-boot-starter-logging-2.3.1.RELEASE.jar:/Users/rishis/.m2/repository/ch/qos/logback/logback-classic/1.2.3/logback-classic-1.2.3.jar:/Users/rishis/.m2/repository/ch/qos/logback/logback-core/1.2.3/logback-core-1.2.3.jar:/Users/rishis/.m2/repository/org/apache/logging/log4j/log4j-to-slf4j/2.13.3/log4j-to-slf4j-2.13.3.jar:/Users/rishis/.m2/repository/org/apache/logging/log4j/log4j-api/2.13.3/log4j-api-2.13.3.jar:/Users/rishis/.m2/repository/org/slf4j/jul-to-slf4j/1.7.30/jul-to-slf4j-1.7.30.jar:/Users/rishis/.m2/repository/jakarta/annotation/jakarta.annotation-api/1.3.5/jakarta.annotation-api-1.3.5.jar:/Users/rishis/.m2/repository/org/yaml/snakeyaml/1.26/snakeyaml-1.26.jar:/Users/rishis/.m2/repository/org/springframework/boot/spring-boot-actuator-autoconfigure/2.3.1.RELEASE/spring-boot-actuator-autoconfigure-2.3.1.RELEASE.jar:/Users/rishis/.m2/repository/org/springframework/boot/spring-boot-actuator/2.3.1.RELEASE/spring-boot-actuator-2.3.1.RELEASE.jar:/Users/rishis/.m2/repository/com/fasterxml/jackson/core/jackson-databind/2.11.0/jackson-databind-2.11.0.jar:/Users/rishis/.m2/repository/com/fasterxml/jackson/core/jackson-annotations/2.11.0/jackson-annotations-2.11.0.jar:/Users/rishis/.m2/repository/com/fasterxml/jackson/datatype/jackson-datatype-jsr310/2.11.0/jackson-datatype-jsr310-2.11.0.jar:/Users/rishis/.m2/repository/io/micrometer/micrometer-core/1.5.1/micrometer-core-1.5.1.jar:/Users/rishis/.m2/repository/org/hdrhistogram/HdrHistogram/2.1.12/HdrHistogram-2.1.12.jar:/Users/rishis/.m2/repository/org/latencyutils/LatencyUtils/2.0.3/LatencyUtils-2.0.3.jar:/Users/rishis/.m2/repository/org/springframework/boot/spring-boot-starter-cache/2.3.1.RELEASE/spring-boot-starter-cache-2.3.1.RELEASE.jar:/Users/rishis/.m2/repository/org/springframework/spring-context-support/5.2.7.RELEASE/spring-context-support-5.2.7.RELEASE.jar:/Users/rishis/.m2/repository/org/springframework/spring-beans/5.2.7.RELEASE/spring-beans-5.2.7.RELEASE.jar:/Users/rishis/.m2/repository/org/springframework/spring-context/5.2.7.RELEASE/spring-context-5.2.7.RELEASE.jar:/Users/rishis/.m2/repository/org/springframework/boot/spring-boot-starter-data-jpa/2.3.1.RELEASE/spring-boot-starter-data-jpa-2.3.1.RELEASE.jar:/Users/rishis/.m2/repository/org/springframework/boot/spring-boot-starter-aop/2.3.1.RELEASE/spring-boot-starter-aop-2.3.1.RELEASE.jar:/Users/rishis/.m2/repository/org/springframework/spring-aop/5.2.7.RELEASE/spring-aop-5.2.7.RELEASE.jar:/Users/rishis/.m2/repository/org/aspectj/aspectjweaver/1.9.5/aspectjweaver-1.9.5.jar:/Users/rishis/.m2/repository/org/springframework/boot/spring-boot-starter-jdbc/2.3.1.RELEASE/spring-boot-starter-jdbc-2.3.1.RELEASE.jar:/Users/rishis/.m2/repository/com/zaxxer/HikariCP/3.4.5/HikariCP-3.4.5.jar:/Users/rishis/.m2/repository/org/springframework/spring-jdbc/5.2.7.RELEASE/spring-jdbc-5.2.7.RELEASE.jar:/Users/rishis/.m2/repository/jakarta/transaction/jakarta.transaction-api/1.3.3/jakarta.transaction-api-1.3.3.jar:/Users/rishis/.m2/repository/jakarta/persistence/jakarta.persistence-api/2.2.3/jakarta.persistence-api-2.2.3.jar:/Users/rishis/.m2/repository/org/hibernate/hibernate-core/5.4.17.Final/hibernate-core-5.4.17.Final.jar:/Users/rishis/.m2/repository/org/jboss/logging/jboss-logging/3.4.1.Final/jboss-logging-3.4.1.Final.jar:/Users/rishis/.m2/repository/org/javassist/javassist/3.24.0-GA/javassist-3.24.0-GA.jar:/Users/rishis/.m2/repository/net/bytebuddy/byte-buddy/1.10.11/byte-buddy-1.10.11.jar:/Users/rishis/.m2/repository/antlr/antlr/2.7.7/antlr-2.7.7.jar:/Users/rishis/.m2/repository/org/jboss/jandex/2.1.3.Final/jandex-2.1.3.Final.jar:/Users/rishis/.m2/repository/com/fasterxml/classmate/1.5.1/classmate-1.5.1.jar:/Users/rishis/.m2/repository/org/dom4j/dom4j/2.1.3/dom4j-2.1.3.jar:/Users/rishis/.m2/repository/org/hibernate/common/hibernate-commons-annotations/5.1.0.Final/hibernate-commons-annotations-5.1.0.Final.jar:/Users/rishis/.m2/repository/org/springframework/data/spring-data-jpa/2.3.1.RELEASE/spring-data-jpa-2.3.1.RELEASE.jar:/Users/rishis/.m2/repository/org/springframework/data/spring-data-commons/2.3.1.RELEASE/spring-data-commons-2.3.1.RELEASE.jar:/Users/rishis/.m2/repository/org/springframework/spring-orm/5.2.7.RELEASE/spring-orm-5.2.7.RELEASE.jar:/Users/rishis/.m2/repository/org/springframework/spring-tx/5.2.7.RELEASE/spring-tx-5.2.7.RELEASE.jar:/Users/rishis/.m2/repository/org/springframework/spring-aspects/5.2.7.RELEASE/spring-aspects-5.2.7.RELEASE.jar:/Users/rishis/.m2/repository/org/springframework/boot/spring-boot-starter-web/2.3.1.RELEASE/spring-boot-starter-web-2.3.1.RELEASE.jar:/Users/rishis/.m2/repository/org/springframework/boot/spring-boot-starter-json/2.3.1.RELEASE/spring-boot-starter-json-2.3.1.RELEASE.jar:/Users/rishis/.m2/repository/com/fasterxml/jackson/datatype/jackson-datatype-jdk8/2.11.0/jackson-datatype-jdk8-2.11.0.jar:/Users/rishis/.m2/repository/com/fasterxml/jackson/module/jackson-module-parameter-names/2.11.0/jackson-module-parameter-names-2.11.0.jar:/Users/rishis/.m2/repository/org/springframework/boot/spring-boot-starter-tomcat/2.3.1.RELEASE/spring-boot-starter-tomcat-2.3.1.RELEASE.jar:/Users/rishis/.m2/repository/org/apache/tomcat/embed/tomcat-embed-core/9.0.36/tomcat-embed-core-9.0.36.jar:/Users/rishis/.m2/repository/org/apache/tomcat/embed/tomcat-embed-websocket/9.0.36/tomcat-embed-websocket-9.0.36.jar:/Users/rishis/.m2/repository/org/springframework/spring-web/5.2.7.RELEASE/spring-web-5.2.7.RELEASE.jar:/Users/rishis/.m2/repository/org/springframework/spring-webmvc/5.2.7.RELEASE/spring-webmvc-5.2.7.RELEASE.jar:/Users/rishis/.m2/repository/org/springframework/spring-expression/5.2.7.RELEASE/spring-expression-5.2.7.RELEASE.jar:/Users/rishis/.m2/repository/org/springframework/boot/spring-boot-starter-validation/2.3.1.RELEASE/spring-boot-starter-validation-2.3.1.RELEASE.jar:/Users/rishis/.m2/repository/org/glassfish/jakarta.el/3.0.3/jakarta.el-3.0.3.jar:/Users/rishis/.m2/repository/org/hibernate/validator/hibernate-validator/6.1.5.Final/hibernate-validator-6.1.5.Final.jar:/Users/rishis/.m2/repository/jakarta/validation/jakarta.validation-api/2.0.2/jakarta.validation-api-2.0.2.jar:/Users/rishis/.m2/repository/org/springframework/boot/spring-boot-starter-thymeleaf/2.3.1.RELEASE/spring-boot-starter-thymeleaf-2.3.1.RELEASE.jar:/Users/rishis/.m2/repository/org/thymeleaf/thymeleaf-spring5/3.0.11.RELEASE/thymeleaf-spring5-3.0.11.RELEASE.jar:/Users/rishis/.m2/repository/org/thymeleaf/thymeleaf/3.0.11.RELEASE/thymeleaf-3.0.11.RELEASE.jar:/Users/rishis/.m2/repository/org/attoparser/attoparser/2.0.5.RELEASE/attoparser-2.0.5.RELEASE.jar:/Users/rishis/.m2/repository/org/unbescape/unbescape/1.1.6.RELEASE/unbescape-1.1.6.RELEASE.jar:/Users/rishis/.m2/repository/org/thymeleaf/extras/thymeleaf-extras-java8time/3.0.4.RELEASE/thymeleaf-extras-java8time-3.0.4.RELEASE.jar:/Users/rishis/.m2/repository/org/springframework/boot/spring-boot-starter-test/2.3.1.RELEASE/spring-boot-starter-test-2.3.1.RELEASE.jar:/Users/rishis/.m2/repository/org/springframework/boot/spring-boot-test/2.3.1.RELEASE/spring-boot-test-2.3.1.RELEASE.jar:/Users/rishis/.m2/repository/org/springframework/boot/spring-boot-test-autoconfigure/2.3.1.RELEASE/spring-boot-test-autoconfigure-2.3.1.RELEASE.jar:/Users/rishis/.m2/repository/com/jayway/jsonpath/json-path/2.4.0/json-path-2.4.0.jar:/Users/rishis/.m2/repository/net/minidev/json-smart/2.3/json-smart-2.3.jar:/Users/rishis/.m2/repository/net/minidev/accessors-smart/1.2/accessors-smart-1.2.jar:/Users/rishis/.m2/repository/org/ow2/asm/asm/5.0.4/asm-5.0.4.jar:/Users/rishis/.m2/repository/jakarta/xml/bind/jakarta.xml.bind-api/2.3.3/jakarta.xml.bind-api-2.3.3.jar:/Users/rishis/.m2/repository/jakarta/activation/jakarta.activation-api/1.2.2/jakarta.activation-api-1.2.2.jar:/Users/rishis/.m2/repository/org/assertj/assertj-core/3.16.1/assertj-core-3.16.1.jar:/Users/rishis/.m2/repository/org/hamcrest/hamcrest/2.2/hamcrest-2.2.jar:/Users/rishis/.m2/repository/org/junit/jupiter/junit-jupiter/5.6.2/junit-jupiter-5.6.2.jar:/Users/rishis/.m2/repository/org/junit/jupiter/junit-jupiter-params/5.6.2/junit-jupiter-params-5.6.2.jar:/Users/rishis/.m2/repository/org/mockito/mockito-core/3.3.3/mockito-core-3.3.3.jar:/Users/rishis/.m2/repository/net/bytebuddy/byte-buddy-agent/1.10.11/byte-buddy-agent-1.10.11.jar:/Users/rishis/.m2/repository/org/objenesis/objenesis/2.6/objenesis-2.6.jar:/Users/rishis/.m2/repository/org/skyscreamer/jsonassert/1.5.0/jsonassert-1.5.0.jar:/Users/rishis/.m2/repository/com/vaadin/external/google/android-json/0.0.20131108.vaadin1/android-json-0.0.20131108.vaadin1.jar:/Users/rishis/.m2/repository/org/springframework/spring-core/5.2.7.RELEASE/spring-core-5.2.7.RELEASE.jar:/Users/rishis/.m2/repository/org/springframework/spring-jcl/5.2.7.RELEASE/spring-jcl-5.2.7.RELEASE.jar:/Users/rishis/.m2/repository/org/springframework/spring-test/5.2.7.RELEASE/spring-test-5.2.7.RELEASE.jar:/Users/rishis/.m2/repository/org/xmlunit/xmlunit-core/2.7.0/xmlunit-core-2.7.0.jar:/Users/rishis/.m2/repository/com/h2database/h2/1.4.200/h2-1.4.200.jar:/Users/rishis/.m2/repository/mysql/mysql-connector-java/8.0.20/mysql-connector-java-8.0.20.jar:/Users/rishis/.m2/repository/javax/cache/cache-api/1.1.1/cache-api-1.1.1.jar:/Users/rishis/.m2/repository/org/ehcache/ehcache/3.8.1/ehcache-3.8.1.jar:/Users/rishis/.m2/repository/org/slf4j/slf4j-api/1.7.30/slf4j-api-1.7.30.jar:/Users/rishis/.m2/repository/org/glassfish/jaxb/jaxb-runtime/2.3.3/jaxb-runtime-2.3.3.jar:/Users/rishis/.m2/repository/org/glassfish/jaxb/txw2/2.3.3/txw2-2.3.3.jar:/Users/rishis/.m2/repository/com/sun/istack/istack-commons-runtime/3.0.11/istack-commons-runtime-3.0.11.jar:/Users/rishis/.m2/repository/com/sun/activation/jakarta.activation/1.2.2/jakarta.activation-1.2.2.jar:/Users/rishis/.m2/repository/org/webjars/webjars-locator-core/0.45/webjars-locator-core-0.45.jar:/Users/rishis/.m2/repository/io/github/classgraph/classgraph/4.8.69/classgraph-4.8.69.jar:/Users/rishis/.m2/repository/com/fasterxml/jackson/core/jackson-core/2.11.0/jackson-core-2.11.0.jar:/Users/rishis/.m2/repository/org/webjars/jquery/2.2.4/jquery-2.2.4.jar:/Users/rishis/.m2/repository/org/webjars/jquery-ui/1.11.4/jquery-ui-1.11.4.jar:/Users/rishis/.m2/repository/org/webjars/bootstrap/3.3.6/bootstrap-3.3.6.jar:/Users/rishis/.m2/repository/org/junit/jupiter/junit-jupiter-engine/5.6.2/junit-jupiter-engine-5.6.2.jar:/Users/rishis/.m2/repository/org/apiguardian/apiguardian-api/1.1.0/apiguardian-api-1.1.0.jar:/Users/rishis/.m2/repository/org/junit/platform/junit-platform-engine/1.6.2/junit-platform-engine-1.6.2.jar:/Users/rishis/.m2/repository/org/opentest4j/opentest4j/1.2.0/opentest4j-1.2.0.jar:/Users/rishis/.m2/repository/org/junit/platform/junit-platform-commons/1.6.2/junit-platform-commons-1.6.2.jar:/Users/rishis/.m2/repository/org/junit/jupiter/junit-jupiter-api/5.6.2/junit-jupiter-api-5.6.2.jar:/Users/rishis/.m2/repository/org/mockito/mockito-junit-jupiter/3.3.3/mockito-junit-jupiter-3.3.3.jar:/Users/rishis/.m2/repository/org/springframework/boot/spring-boot-devtools/2.3.1.RELEASE/spring-boot-devtools-2.3.1.RELEASE.jar:/Users/rishis/.m2/repository/org/springframework/boot/spring-boot/2.3.1.RELEASE/spring-boot-2.3.1.RELEASE.jar:/Users/rishis/.m2/repository/org/springframework/boot/spring-boot-autoconfigure/2.3.1.RELEASE/spring-boot-autoconfigure-2.3.1.RELEASE.jar:/Users/rishis/.m2/repository/com/wavefront/wavefront-spring-boot-starter/2.0.0/wavefront-spring-boot-starter-2.0.0.jar:/Users/rishis/.m2/repository/com/wavefront/wavefront-spring-boot/2.0.0/wavefront-spring-boot-2.0.0.jar:/Users/rishis/.m2/repository/com/wavefront/wavefront-runtime-sdk-jvm/1.1/wavefront-runtime-sdk-jvm-1.1.jar:/Users/rishis/.m2/repository/com/wavefront/wavefront-internal-reporter-java/1.5/wavefront-internal-reporter-java-1.5.jar:/Users/rishis/.m2/repository/com/fasterxml/jackson/dataformat/jackson-dataformat-yaml/2.11.0/jackson-dataformat-yaml-2.11.0.jar:/Users/rishis/.m2/repository/com/wavefront/wavefront-sdk-java/2.5/wavefront-sdk-java-2.5.jar:/Users/rishis/.m2/repository/com/wavefront/wavefront-opentracing-sdk-java/2.0/wavefront-opentracing-sdk-java-2.0.jar:/Users/rishis/.m2/repository/com/google/code/findbugs/jsr305/3.0.0/jsr305-3.0.0.jar:/Users/rishis/.m2/repository/io/micrometer/micrometer-registry-wavefront/1.5.1/micrometer-registry-wavefront-1.5.1.jar:/Users/rishis/.m2/repository/io/opentracing/contrib/opentracing-spring-cloud-starter/0.5.3/opentracing-spring-cloud-starter-0.5.3.jar:/Users/rishis/.m2/repository/io/opentracing/contrib/opentracing-spring-cloud-core/0.5.3/opentracing-spring-cloud-core-0.5.3.jar:/Users/rishis/.m2/repository/io/opentracing/contrib/opentracing-spring-tracer-configuration-starter/0.3.1/opentracing-spring-tracer-configuration-starter-0.3.1.jar:/Users/rishis/.m2/repository/io/opentracing/opentracing-noop/0.33.0/opentracing-noop-0.33.0.jar:/Users/rishis/.m2/repository/io/opentracing/opentracing-util/0.33.0/opentracing-util-0.33.0.jar:/Users/rishis/.m2/repository/io/opentracing/contrib/opentracing-concurrent/0.4.0/opentracing-concurrent-0.4.0.jar:/Users/rishis/.m2/repository/io/opentracing/contrib/opentracing-spring-web-starter/3.0.1/opentracing-spring-web-starter-3.0.1.jar:/Users/rishis/.m2/repository/io/opentracing/contrib/opentracing-spring-web/3.0.1/opentracing-spring-web-3.0.1.jar:/Users/rishis/.m2/repository/io/opentracing/contrib/opentracing-web-servlet-filter/0.4.0/opentracing-web-servlet-filter-0.4.0.jar:/Users/rishis/.m2/repository/io/opentracing/contrib/opentracing-tracerresolver/0.1.8/opentracing-tracerresolver-0.1.8.jar:/Users/rishis/.m2/repository/io/opentracing/contrib/opentracing-spring-messaging-starter/1.0.0/opentracing-spring-messaging-starter-1.0.0.jar:/Users/rishis/.m2/repository/io/opentracing/contrib/opentracing-spring-messaging/1.0.0/opentracing-spring-messaging-1.0.0.jar:/Users/rishis/.m2/repository/io/opentracing/contrib/opentracing-spring-rabbitmq-starter/3.0.0/opentracing-spring-rabbitmq-starter-3.0.0.jar:/Users/rishis/.m2/repository/io/opentracing/contrib/opentracing-spring-rabbitmq/3.0.0/opentracing-spring-rabbitmq-3.0.0.jar:/Users/rishis/.m2/repository/io/opentracing/contrib/opentracing-spring-cloud-jdbc-starter/0.5.3/opentracing-spring-cloud-jdbc-starter-0.5.3.jar:/Users/rishis/.m2/repository/io/opentracing/contrib/opentracing-jdbc/0.2.8/opentracing-jdbc-0.2.8.jar:/Users/rishis/.m2/repository/io/opentracing/contrib/common/0.1.4/common-0.1.4.jar:/Users/rishis/.m2/repository/io/opentracing/contrib/opentracing-spring-cloud-jms-starter/0.5.3/opentracing-spring-cloud-jms-starter-0.5.3.jar:/Users/rishis/.m2/repository/io/opentracing/contrib/opentracing-jms-spring/0.1.7/opentracing-jms-spring-0.1.7.jar:/Users/rishis/.m2/repository/io/opentracing/contrib/opentracing-jms-2/0.1.7/opentracing-jms-2-0.1.7.jar:/Users/rishis/.m2/repository/io/opentracing/contrib/opentracing-jms-common/0.1.7/opentracing-jms-common-0.1.7.jar:/Users/rishis/.m2/repository/io/opentracing/contrib/opentracing-spring-cloud-kafka-starter/0.5.3/opentracing-spring-cloud-kafka-starter-0.5.3.jar:/Users/rishis/.m2/repository/io/opentracing/contrib/opentracing-kafka-spring/0.1.12/opentracing-kafka-spring-0.1.12.jar:/Users/rishis/.m2/repository/io/opentracing/contrib/opentracing-kafka-client/0.1.12/opentracing-kafka-client-0.1.12.jar:/Users/rishis/.m2/repository/io/opentracing/contrib/opentracing-spring-cloud-feign-starter/0.5.3/opentracing-spring-cloud-feign-starter-0.5.3.jar:/Users/rishis/.m2/repository/io/github/openfeign/opentracing/feign-opentracing/0.4.0/feign-opentracing-0.4.0.jar:/Users/rishis/.m2/repository/io/github/openfeign/opentracing/feign-hystrix-opentracing/0.4.0/feign-hystrix-opentracing-0.4.0.jar:/Users/rishis/.m2/repository/io/opentracing/contrib/opentracing-spring-cloud-hystrix-starter/0.5.3/opentracing-spring-cloud-hystrix-starter-0.5.3.jar:/Users/rishis/.m2/repository/io/opentracing/contrib/opentracing-spring-cloud-reactor-starter/0.5.3/opentracing-spring-cloud-reactor-starter-0.5.3.jar:/Users/rishis/.m2/repository/io/opentracing/contrib/opentracing-reactor/0.1.2/opentracing-reactor-0.1.2.jar:/Users/rishis/.m2/repository/io/opentracing/contrib/opentracing-spring-cloud-rxjava-starter/0.5.3/opentracing-spring-cloud-rxjava-starter-0.5.3.jar:/Users/rishis/.m2/repository/io/opentracing/contrib/opentracing-rxjava-1/0.1.3/opentracing-rxjava-1-0.1.3.jar:/Users/rishis/.m2/repository/io/opentracing/contrib/opentracing-spring-cloud-redis-starter/0.5.3/opentracing-spring-cloud-redis-starter-0.5.3.jar:/Users/rishis/.m2/repository/io/opentracing/contrib/opentracing-redis-spring-data2/0.1.14/opentracing-redis-spring-data2-0.1.14.jar:/Users/rishis/.m2/repository/io/opentracing/contrib/opentracing-redis-common/0.1.14/opentracing-redis-common-0.1.14.jar:/Users/rishis/.m2/repository/io/opentracing/contrib/opentracing-spring-cloud-mongo-starter/0.5.3/opentracing-spring-cloud-mongo-starter-0.5.3.jar:/Users/rishis/.m2/repository/io/opentracing/contrib/opentracing-mongo-driver/0.1.5/opentracing-mongo-driver-0.1.5.jar:/Users/rishis/.m2/repository/io/opentracing/contrib/opentracing-mongo-common/0.1.5/opentracing-mongo-common-0.1.5.jar:/Users/rishis/.m2/repository/io/opentracing/contrib/opentracing-spring-cloud-websocket-starter/0.5.3/opentracing-spring-cloud-websocket-starter-0.5.3.jar:/Users/rishis/.m2/repository/io/opentracing/contrib/opentracing-spring-cloud-zuul-starter/0.5.3/opentracing-spring-cloud-zuul-starter-0.5.3.jar:/Users/rishis/.m2/repository/io/opentracing/contrib/opentracing-spring-cloud-gateway-starter/0.5.3/opentracing-spring-cloud-gateway-starter-0.5.3.jar:/Users/rishis/.m2/repository/io/opentracing/opentracing-api/0.33.0/opentracing-api-0.33.0.jar:"/>
    <property name="git.branch" value="origin/master"/>
    <property name="git.build.host" value="rishis-a01.vmware.com"/>
    <property name="java.vm.vendor" value="Oracle Corporation"/>
    <property name="sun.arch.data.model" value="64"/>
    <property name="git.build.number" value="22"/>
    <property name="git.commit.id" value="982614bd9857c9fd8c4b6aa3d82583fbc4fa25da"/>
    <property name="java.vendor.url" value="https://openjdk.java.net/"/>
    <property name="java.vm.specification.version" value="14"/>
    <property name="os.name" value="Mac OS X"/>
    <property name="sun.java.launcher" value="SUN_STANDARD"/>
    <property name="user.country" value="GB"/>
    <property name="git.build.user.name" value="rsharda"/>
    <property name="sun.boot.library.path" value="/usr/local/Cellar/openjdk/14.0.1/libexec/openjdk.jdk/Contents/Home/lib"/>
    <property name="sun.java.command" value="/Users/rishis/Documents/GitHub/pet-clinic-demo/target/surefire/surefirebooter6455142088892393399.jar /Users/rishis/Documents/GitHub/pet-clinic-demo/target/surefire 2020-11-23T16-01-55_059-jvmRun1 surefire2962959636857898865tmp surefire_014651793060016876879tmp"/>
    <property name="jdk.debug" value="release"/>
    <property name="surefire.test.class.path" value="/Users/rishis/Documents/GitHub/pet-clinic-demo/target/test-classes:/Users/rishis/Documents/GitHub/pet-clinic-demo/target/classes:/Users/rishis/.m2/repository/org/springframework/boot/spring-boot-starter-actuator/2.3.1.RELEASE/spring-boot-starter-actuator-2.3.1.RELEASE.jar:/Users/rishis/.m2/repository/org/springframework/boot/spring-boot-starter/2.3.1.RELEASE/spring-boot-starter-2.3.1.RELEASE.jar:/Users/rishis/.m2/repository/org/springframework/boot/spring-boot-starter-logging/2.3.1.RELEASE/spring-boot-starter-logging-2.3.1.RELEASE.jar:/Users/rishis/.m2/repository/ch/qos/logback/logback-classic/1.2.3/logback-classic-1.2.3.jar:/Users/rishis/.m2/repository/ch/qos/logback/logback-core/1.2.3/logback-core-1.2.3.jar:/Users/rishis/.m2/repository/org/apache/logging/log4j/log4j-to-slf4j/2.13.3/log4j-to-slf4j-2.13.3.jar:/Users/rishis/.m2/repository/org/apache/logging/log4j/log4j-api/2.13.3/log4j-api-2.13.3.jar:/Users/rishis/.m2/repository/org/slf4j/jul-to-slf4j/1.7.30/jul-to-slf4j-1.7.30.jar:/Users/rishis/.m2/repository/jakarta/annotation/jakarta.annotation-api/1.3.5/jakarta.annotation-api-1.3.5.jar:/Users/rishis/.m2/repository/org/yaml/snakeyaml/1.26/snakeyaml-1.26.jar:/Users/rishis/.m2/repository/org/springframework/boot/spring-boot-actuator-autoconfigure/2.3.1.RELEASE/spring-boot-actuator-autoconfigure-2.3.1.RELEASE.jar:/Users/rishis/.m2/repository/org/springframework/boot/spring-boot-actuator/2.3.1.RELEASE/spring-boot-actuator-2.3.1.RELEASE.jar:/Users/rishis/.m2/repository/com/fasterxml/jackson/core/jackson-databind/2.11.0/jackson-databind-2.11.0.jar:/Users/rishis/.m2/repository/com/fasterxml/jackson/core/jackson-annotations/2.11.0/jackson-annotations-2.11.0.jar:/Users/rishis/.m2/repository/com/fasterxml/jackson/datatype/jackson-datatype-jsr310/2.11.0/jackson-datatype-jsr310-2.11.0.jar:/Users/rishis/.m2/repository/io/micrometer/micrometer-core/1.5.1/micrometer-core-1.5.1.jar:/Users/rishis/.m2/repository/org/hdrhistogram/HdrHistogram/2.1.12/HdrHistogram-2.1.12.jar:/Users/rishis/.m2/repository/org/latencyutils/LatencyUtils/2.0.3/LatencyUtils-2.0.3.jar:/Users/rishis/.m2/repository/org/springframework/boot/spring-boot-starter-cache/2.3.1.RELEASE/spring-boot-starter-cache-2.3.1.RELEASE.jar:/Users/rishis/.m2/repository/org/springframework/spring-context-support/5.2.7.RELEASE/spring-context-support-5.2.7.RELEASE.jar:/Users/rishis/.m2/repository/org/springframework/spring-beans/5.2.7.RELEASE/spring-beans-5.2.7.RELEASE.jar:/Users/rishis/.m2/repository/org/springframework/spring-context/5.2.7.RELEASE/spring-context-5.2.7.RELEASE.jar:/Users/rishis/.m2/repository/org/springframework/boot/spring-boot-starter-data-jpa/2.3.1.RELEASE/spring-boot-starter-data-jpa-2.3.1.RELEASE.jar:/Users/rishis/.m2/repository/org/springframework/boot/spring-boot-starter-aop/2.3.1.RELEASE/spring-boot-starter-aop-2.3.1.RELEASE.jar:/Users/rishis/.m2/repository/org/springframework/spring-aop/5.2.7.RELEASE/spring-aop-5.2.7.RELEASE.jar:/Users/rishis/.m2/repository/org/aspectj/aspectjweaver/1.9.5/aspectjweaver-1.9.5.jar:/Users/rishis/.m2/repository/org/springframework/boot/spring-boot-starter-jdbc/2.3.1.RELEASE/spring-boot-starter-jdbc-2.3.1.RELEASE.jar:/Users/rishis/.m2/repository/com/zaxxer/HikariCP/3.4.5/HikariCP-3.4.5.jar:/Users/rishis/.m2/repository/org/springframework/spring-jdbc/5.2.7.RELEASE/spring-jdbc-5.2.7.RELEASE.jar:/Users/rishis/.m2/repository/jakarta/transaction/jakarta.transaction-api/1.3.3/jakarta.transaction-api-1.3.3.jar:/Users/rishis/.m2/repository/jakarta/persistence/jakarta.persistence-api/2.2.3/jakarta.persistence-api-2.2.3.jar:/Users/rishis/.m2/repository/org/hibernate/hibernate-core/5.4.17.Final/hibernate-core-5.4.17.Final.jar:/Users/rishis/.m2/repository/org/jboss/logging/jboss-logging/3.4.1.Final/jboss-logging-3.4.1.Final.jar:/Users/rishis/.m2/repository/org/javassist/javassist/3.24.0-GA/javassist-3.24.0-GA.jar:/Users/rishis/.m2/repository/net/bytebuddy/byte-buddy/1.10.11/byte-buddy-1.10.11.jar:/Users/rishis/.m2/repository/antlr/antlr/2.7.7/antlr-2.7.7.jar:/Users/rishis/.m2/repository/org/jboss/jandex/2.1.3.Final/jandex-2.1.3.Final.jar:/Users/rishis/.m2/repository/com/fasterxml/classmate/1.5.1/classmate-1.5.1.jar:/Users/rishis/.m2/repository/org/dom4j/dom4j/2.1.3/dom4j-2.1.3.jar:/Users/rishis/.m2/repository/org/hibernate/common/hibernate-commons-annotations/5.1.0.Final/hibernate-commons-annotations-5.1.0.Final.jar:/Users/rishis/.m2/repository/org/springframework/data/spring-data-jpa/2.3.1.RELEASE/spring-data-jpa-2.3.1.RELEASE.jar:/Users/rishis/.m2/repository/org/springframework/data/spring-data-commons/2.3.1.RELEASE/spring-data-commons-2.3.1.RELEASE.jar:/Users/rishis/.m2/repository/org/springframework/spring-orm/5.2.7.RELEASE/spring-orm-5.2.7.RELEASE.jar:/Users/rishis/.m2/repository/org/springframework/spring-tx/5.2.7.RELEASE/spring-tx-5.2.7.RELEASE.jar:/Users/rishis/.m2/repository/org/springframework/spring-aspects/5.2.7.RELEASE/spring-aspects-5.2.7.RELEASE.jar:/Users/rishis/.m2/repository/org/springframework/boot/spring-boot-starter-web/2.3.1.RELEASE/spring-boot-starter-web-2.3.1.RELEASE.jar:/Users/rishis/.m2/repository/org/springframework/boot/spring-boot-starter-json/2.3.1.RELEASE/spring-boot-starter-json-2.3.1.RELEASE.jar:/Users/rishis/.m2/repository/com/fasterxml/jackson/datatype/jackson-datatype-jdk8/2.11.0/jackson-datatype-jdk8-2.11.0.jar:/Users/rishis/.m2/repository/com/fasterxml/jackson/module/jackson-module-parameter-names/2.11.0/jackson-module-parameter-names-2.11.0.jar:/Users/rishis/.m2/repository/org/springframework/boot/spring-boot-starter-tomcat/2.3.1.RELEASE/spring-boot-starter-tomcat-2.3.1.RELEASE.jar:/Users/rishis/.m2/repository/org/apache/tomcat/embed/tomcat-embed-core/9.0.36/tomcat-embed-core-9.0.36.jar:/Users/rishis/.m2/repository/org/apache/tomcat/embed/tomcat-embed-websocket/9.0.36/tomcat-embed-websocket-9.0.36.jar:/Users/rishis/.m2/repository/org/springframework/spring-web/5.2.7.RELEASE/spring-web-5.2.7.RELEASE.jar:/Users/rishis/.m2/repository/org/springframework/spring-webmvc/5.2.7.RELEASE/spring-webmvc-5.2.7.RELEASE.jar:/Users/rishis/.m2/repository/org/springframework/spring-expression/5.2.7.RELEASE/spring-expression-5.2.7.RELEASE.jar:/Users/rishis/.m2/repository/org/springframework/boot/spring-boot-starter-validation/2.3.1.RELEASE/spring-boot-starter-validation-2.3.1.RELEASE.jar:/Users/rishis/.m2/repository/org/glassfish/jakarta.el/3.0.3/jakarta.el-3.0.3.jar:/Users/rishis/.m2/repository/org/hibernate/validator/hibernate-validator/6.1.5.Final/hibernate-validator-6.1.5.Final.jar:/Users/rishis/.m2/repository/jakarta/validation/jakarta.validation-api/2.0.2/jakarta.validation-api-2.0.2.jar:/Users/rishis/.m2/repository/org/springframework/boot/spring-boot-starter-thymeleaf/2.3.1.RELEASE/spring-boot-starter-thymeleaf-2.3.1.RELEASE.jar:/Users/rishis/.m2/repository/org/thymeleaf/thymeleaf-spring5/3.0.11.RELEASE/thymeleaf-spring5-3.0.11.RELEASE.jar:/Users/rishis/.m2/repository/org/thymeleaf/thymeleaf/3.0.11.RELEASE/thymeleaf-3.0.11.RELEASE.jar:/Users/rishis/.m2/repository/org/attoparser/attoparser/2.0.5.RELEASE/attoparser-2.0.5.RELEASE.jar:/Users/rishis/.m2/repository/org/unbescape/unbescape/1.1.6.RELEASE/unbescape-1.1.6.RELEASE.jar:/Users/rishis/.m2/repository/org/thymeleaf/extras/thymeleaf-extras-java8time/3.0.4.RELEASE/thymeleaf-extras-java8time-3.0.4.RELEASE.jar:/Users/rishis/.m2/repository/org/springframework/boot/spring-boot-starter-test/2.3.1.RELEASE/spring-boot-starter-test-2.3.1.RELEASE.jar:/Users/rishis/.m2/repository/org/springframework/boot/spring-boot-test/2.3.1.RELEASE/spring-boot-test-2.3.1.RELEASE.jar:/Users/rishis/.m2/repository/org/springframework/boot/spring-boot-test-autoconfigure/2.3.1.RELEASE/spring-boot-test-autoconfigure-2.3.1.RELEASE.jar:/Users/rishis/.m2/repository/com/jayway/jsonpath/json-path/2.4.0/json-path-2.4.0.jar:/Users/rishis/.m2/repository/net/minidev/json-smart/2.3/json-smart-2.3.jar:/Users/rishis/.m2/repository/net/minidev/accessors-smart/1.2/accessors-smart-1.2.jar:/Users/rishis/.m2/repository/org/ow2/asm/asm/5.0.4/asm-5.0.4.jar:/Users/rishis/.m2/repository/jakarta/xml/bind/jakarta.xml.bind-api/2.3.3/jakarta.xml.bind-api-2.3.3.jar:/Users/rishis/.m2/repository/jakarta/activation/jakarta.activation-api/1.2.2/jakarta.activation-api-1.2.2.jar:/Users/rishis/.m2/repository/org/assertj/assertj-core/3.16.1/assertj-core-3.16.1.jar:/Users/rishis/.m2/repository/org/hamcrest/hamcrest/2.2/hamcrest-2.2.jar:/Users/rishis/.m2/repository/org/junit/jupiter/junit-jupiter/5.6.2/junit-jupiter-5.6.2.jar:/Users/rishis/.m2/repository/org/junit/jupiter/junit-jupiter-params/5.6.2/junit-jupiter-params-5.6.2.jar:/Users/rishis/.m2/repository/org/mockito/mockito-core/3.3.3/mockito-core-3.3.3.jar:/Users/rishis/.m2/repository/net/bytebuddy/byte-buddy-agent/1.10.11/byte-buddy-agent-1.10.11.jar:/Users/rishis/.m2/repository/org/objenesis/objenesis/2.6/objenesis-2.6.jar:/Users/rishis/.m2/repository/org/skyscreamer/jsonassert/1.5.0/jsonassert-1.5.0.jar:/Users/rishis/.m2/repository/com/vaadin/external/google/android-json/0.0.20131108.vaadin1/android-json-0.0.20131108.vaadin1.jar:/Users/rishis/.m2/repository/org/springframework/spring-core/5.2.7.RELEASE/spring-core-5.2.7.RELEASE.jar:/Users/rishis/.m2/repository/org/springframework/spring-jcl/5.2.7.RELEASE/spring-jcl-5.2.7.RELEASE.jar:/Users/rishis/.m2/repository/org/springframework/spring-test/5.2.7.RELEASE/spring-test-5.2.7.RELEASE.jar:/Users/rishis/.m2/repository/org/xmlunit/xmlunit-core/2.7.0/xmlunit-core-2.7.0.jar:/Users/rishis/.m2/repository/com/h2database/h2/1.4.200/h2-1.4.200.jar:/Users/rishis/.m2/repository/mysql/mysql-connector-java/8.0.20/mysql-connector-java-8.0.20.jar:/Users/rishis/.m2/repository/javax/cache/cache-api/1.1.1/cache-api-1.1.1.jar:/Users/rishis/.m2/repository/org/ehcache/ehcache/3.8.1/ehcache-3.8.1.jar:/Users/rishis/.m2/repository/org/slf4j/slf4j-api/1.7.30/slf4j-api-1.7.30.jar:/Users/rishis/.m2/repository/org/glassfish/jaxb/jaxb-runtime/2.3.3/jaxb-runtime-2.3.3.jar:/Users/rishis/.m2/repository/org/glassfish/jaxb/txw2/2.3.3/txw2-2.3.3.jar:/Users/rishis/.m2/repository/com/sun/istack/istack-commons-runtime/3.0.11/istack-commons-runtime-3.0.11.jar:/Users/rishis/.m2/repository/com/sun/activation/jakarta.activation/1.2.2/jakarta.activation-1.2.2.jar:/Users/rishis/.m2/repository/org/webjars/webjars-locator-core/0.45/webjars-locator-core-0.45.jar:/Users/rishis/.m2/repository/io/github/classgraph/classgraph/4.8.69/classgraph-4.8.69.jar:/Users/rishis/.m2/repository/com/fasterxml/jackson/core/jackson-core/2.11.0/jackson-core-2.11.0.jar:/Users/rishis/.m2/repository/org/webjars/jquery/2.2.4/jquery-2.2.4.jar:/Users/rishis/.m2/repository/org/webjars/jquery-ui/1.11.4/jquery-ui-1.11.4.jar:/Users/rishis/.m2/repository/org/webjars/bootstrap/3.3.6/bootstrap-3.3.6.jar:/Users/rishis/.m2/repository/org/junit/jupiter/junit-jupiter-engine/5.6.2/junit-jupiter-engine-5.6.2.jar:/Users/rishis/.m2/repository/org/apiguardian/apiguardian-api/1.1.0/apiguardian-api-1.1.0.jar:/Users/rishis/.m2/repository/org/junit/platform/junit-platform-engine/1.6.2/junit-platform-engine-1.6.2.jar:/Users/rishis/.m2/repository/org/opentest4j/opentest4j/1.2.0/opentest4j-1.2.0.jar:/Users/rishis/.m2/repository/org/junit/platform/junit-platform-commons/1.6.2/junit-platform-commons-1.6.2.jar:/Users/rishis/.m2/repository/org/junit/jupiter/junit-jupiter-api/5.6.2/junit-jupiter-api-5.6.2.jar:/Users/rishis/.m2/repository/org/mockito/mockito-junit-jupiter/3.3.3/mockito-junit-jupiter-3.3.3.jar:/Users/rishis/.m2/repository/org/springframework/boot/spring-boot-devtools/2.3.1.RELEASE/spring-boot-devtools-2.3.1.RELEASE.jar:/Users/rishis/.m2/repository/org/springframework/boot/spring-boot/2.3.1.RELEASE/spring-boot-2.3.1.RELEASE.jar:/Users/rishis/.m2/repository/org/springframework/boot/spring-boot-autoconfigure/2.3.1.RELEASE/spring-boot-autoconfigure-2.3.1.RELEASE.jar:/Users/rishis/.m2/repository/com/wavefront/wavefront-spring-boot-starter/2.0.0/wavefront-spring-boot-starter-2.0.0.jar:/Users/rishis/.m2/repository/com/wavefront/wavefront-spring-boot/2.0.0/wavefront-spring-boot-2.0.0.jar:/Users/rishis/.m2/repository/com/wavefront/wavefront-runtime-sdk-jvm/1.1/wavefront-runtime-sdk-jvm-1.1.jar:/Users/rishis/.m2/repository/com/wavefront/wavefront-internal-reporter-java/1.5/wavefront-internal-reporter-java-1.5.jar:/Users/rishis/.m2/repository/com/fasterxml/jackson/dataformat/jackson-dataformat-yaml/2.11.0/jackson-dataformat-yaml-2.11.0.jar:/Users/rishis/.m2/repository/com/wavefront/wavefront-sdk-java/2.5/wavefront-sdk-java-2.5.jar:/Users/rishis/.m2/repository/com/wavefront/wavefront-opentracing-sdk-java/2.0/wavefront-opentracing-sdk-java-2.0.jar:/Users/rishis/.m2/repository/com/google/code/findbugs/jsr305/3.0.0/jsr305-3.0.0.jar:/Users/rishis/.m2/repository/io/micrometer/micrometer-registry-wavefront/1.5.1/micrometer-registry-wavefront-1.5.1.jar:/Users/rishis/.m2/repository/io/opentracing/contrib/opentracing-spring-cloud-starter/0.5.3/opentracing-spring-cloud-starter-0.5.3.jar:/Users/rishis/.m2/repository/io/opentracing/contrib/opentracing-spring-cloud-core/0.5.3/opentracing-spring-cloud-core-0.5.3.jar:/Users/rishis/.m2/repository/io/opentracing/contrib/opentracing-spring-tracer-configuration-starter/0.3.1/opentracing-spring-tracer-configuration-starter-0.3.1.jar:/Users/rishis/.m2/repository/io/opentracing/opentracing-noop/0.33.0/opentracing-noop-0.33.0.jar:/Users/rishis/.m2/repository/io/opentracing/opentracing-util/0.33.0/opentracing-util-0.33.0.jar:/Users/rishis/.m2/repository/io/opentracing/contrib/opentracing-concurrent/0.4.0/opentracing-concurrent-0.4.0.jar:/Users/rishis/.m2/repository/io/opentracing/contrib/opentracing-spring-web-starter/3.0.1/opentracing-spring-web-starter-3.0.1.jar:/Users/rishis/.m2/repository/io/opentracing/contrib/opentracing-spring-web/3.0.1/opentracing-spring-web-3.0.1.jar:/Users/rishis/.m2/repository/io/opentracing/contrib/opentracing-web-servlet-filter/0.4.0/opentracing-web-servlet-filter-0.4.0.jar:/Users/rishis/.m2/repository/io/opentracing/contrib/opentracing-tracerresolver/0.1.8/opentracing-tracerresolver-0.1.8.jar:/Users/rishis/.m2/repository/io/opentracing/contrib/opentracing-spring-messaging-starter/1.0.0/opentracing-spring-messaging-starter-1.0.0.jar:/Users/rishis/.m2/repository/io/opentracing/contrib/opentracing-spring-messaging/1.0.0/opentracing-spring-messaging-1.0.0.jar:/Users/rishis/.m2/repository/io/opentracing/contrib/opentracing-spring-rabbitmq-starter/3.0.0/opentracing-spring-rabbitmq-starter-3.0.0.jar:/Users/rishis/.m2/repository/io/opentracing/contrib/opentracing-spring-rabbitmq/3.0.0/opentracing-spring-rabbitmq-3.0.0.jar:/Users/rishis/.m2/repository/io/opentracing/contrib/opentracing-spring-cloud-jdbc-starter/0.5.3/opentracing-spring-cloud-jdbc-starter-0.5.3.jar:/Users/rishis/.m2/repository/io/opentracing/contrib/opentracing-jdbc/0.2.8/opentracing-jdbc-0.2.8.jar:/Users/rishis/.m2/repository/io/opentracing/contrib/common/0.1.4/common-0.1.4.jar:/Users/rishis/.m2/repository/io/opentracing/contrib/opentracing-spring-cloud-jms-starter/0.5.3/opentracing-spring-cloud-jms-starter-0.5.3.jar:/Users/rishis/.m2/repository/io/opentracing/contrib/opentracing-jms-spring/0.1.7/opentracing-jms-spring-0.1.7.jar:/Users/rishis/.m2/repository/io/opentracing/contrib/opentracing-jms-2/0.1.7/opentracing-jms-2-0.1.7.jar:/Users/rishis/.m2/repository/io/opentracing/contrib/opentracing-jms-common/0.1.7/opentracing-jms-common-0.1.7.jar:/Users/rishis/.m2/repository/io/opentracing/contrib/opentracing-spring-cloud-kafka-starter/0.5.3/opentracing-spring-cloud-kafka-starter-0.5.3.jar:/Users/rishis/.m2/repository/io/opentracing/contrib/opentracing-kafka-spring/0.1.12/opentracing-kafka-spring-0.1.12.jar:/Users/rishis/.m2/repository/io/opentracing/contrib/opentracing-kafka-client/0.1.12/opentracing-kafka-client-0.1.12.jar:/Users/rishis/.m2/repository/io/opentracing/contrib/opentracing-spring-cloud-feign-starter/0.5.3/opentracing-spring-cloud-feign-starter-0.5.3.jar:/Users/rishis/.m2/repository/io/github/openfeign/opentracing/feign-opentracing/0.4.0/feign-opentracing-0.4.0.jar:/Users/rishis/.m2/repository/io/github/openfeign/opentracing/feign-hystrix-opentracing/0.4.0/feign-hystrix-opentracing-0.4.0.jar:/Users/rishis/.m2/repository/io/opentracing/contrib/opentracing-spring-cloud-hystrix-starter/0.5.3/opentracing-spring-cloud-hystrix-starter-0.5.3.jar:/Users/rishis/.m2/repository/io/opentracing/contrib/opentracing-spring-cloud-reactor-starter/0.5.3/opentracing-spring-cloud-reactor-starter-0.5.3.jar:/Users/rishis/.m2/repository/io/opentracing/contrib/opentracing-reactor/0.1.2/opentracing-reactor-0.1.2.jar:/Users/rishis/.m2/repository/io/opentracing/contrib/opentracing-spring-cloud-rxjava-starter/0.5.3/opentracing-spring-cloud-rxjava-starter-0.5.3.jar:/Users/rishis/.m2/repository/io/opentracing/contrib/opentracing-rxjava-1/0.1.3/opentracing-rxjava-1-0.1.3.jar:/Users/rishis/.m2/repository/io/opentracing/contrib/opentracing-spring-cloud-redis-starter/0.5.3/opentracing-spring-cloud-redis-starter-0.5.3.jar:/Users/rishis/.m2/repository/io/opentracing/contrib/opentracing-redis-spring-data2/0.1.14/opentracing-redis-spring-data2-0.1.14.jar:/Users/rishis/.m2/repository/io/opentracing/contrib/opentracing-redis-common/0.1.14/opentracing-redis-common-0.1.14.jar:/Users/rishis/.m2/repository/io/opentracing/contrib/opentracing-spring-cloud-mongo-starter/0.5.3/opentracing-spring-cloud-mongo-starter-0.5.3.jar:/Users/rishis/.m2/repository/io/opentracing/contrib/opentracing-mongo-driver/0.1.5/opentracing-mongo-driver-0.1.5.jar:/Users/rishis/.m2/repository/io/opentracing/contrib/opentracing-mongo-common/0.1.5/opentracing-mongo-common-0.1.5.jar:/Users/rishis/.m2/repository/io/opentracing/contrib/opentracing-spring-cloud-websocket-starter/0.5.3/opentracing-spring-cloud-websocket-starter-0.5.3.jar:/Users/rishis/.m2/repository/io/opentracing/contrib/opentracing-spring-cloud-zuul-starter/0.5.3/opentracing-spring-cloud-zuul-starter-0.5.3.jar:/Users/rishis/.m2/repository/io/opentracing/contrib/opentracing-spring-cloud-gateway-starter/0.5.3/opentracing-spring-cloud-gateway-starter-0.5.3.jar:/Users/rishis/.m2/repository/io/opentracing/opentracing-api/0.33.0/opentracing-api-0.33.0.jar:"/>
    <property name="sun.cpu.endian" value="little"/>
    <property name="user.home" value="/Users/rishis"/>
    <property name="user.language" value="en"/>
    <property name="git.closest.tag.commit.count" value=""/>
    <property name="java.specification.vendor" value="Oracle Corporation"/>
    <property name="java.version.date" value="2020-04-14"/>
    <property name="java.home" value="/usr/local/Cellar/openjdk/14.0.1/libexec/openjdk.jdk/Contents/Home"/>
    <property name="git.total.commit.count" value="26"/>
    <property name="file.separator" value="/"/>
    <property name="basedir" value="/Users/rishis/Documents/GitHub/pet-clinic-demo"/>
    <property name="java.vm.compressedOopsMode" value="Zero based"/>
    <property name="line.separator" value="&#10;"/>
    <property name="git.build.user.email" value="rishi.sharda@gmail.com"/>
    <property name="java.specification.name" value="Java Platform API Specification"/>
    <property name="java.vm.specification.vendor" value="Oracle Corporation"/>
    <property name="git.closest.tag.name" value=""/>
    <property name="git.local.branch.ahead" value="0"/>
    <property name="git.build.time" value="2020-11-23T16:01:48+0530"/>
    <property name="surefire.real.class.path" value="/Users/rishis/Documents/GitHub/pet-clinic-demo/target/surefire/surefirebooter6455142088892393399.jar"/>
    <property name="git.commit.message.full" value="demo"/>
    <property name="sun.management.compiler" value="HotSpot 64-Bit Tiered Compilers"/>
    <property name="java.runtime.version" value="14.0.1+14"/>
    <property name="user.name" value="rishis"/>
    <property name="path.separator" value=":"/>
    <property name="os.version" value="10.15.7"/>
    <property name="java.runtime.name" value="OpenJDK Runtime Environment"/>
    <property name="file.encoding" value="UTF-8"/>
    <property name="git.commit.user.email" value="rishi.sharda@gmail.com"/>
    <property name="java.vm.name" value="OpenJDK 64-Bit Server VM"/>
    <property name="git.local.branch.behind" value="0"/>
    <property name="git.dirty" value="true"/>
    <property name="localRepository" value="/Users/rishis/.m2/repository"/>
    <property name="java.vendor.url.bug" value="https://bugreport.java.com/bugreport/"/>
    <property name="java.io.tmpdir" value="/var/folders/dy/967vs7g10yx73yccgfj8mq3h0000gp/T/"/>
    <property name="java.version" value="14.0.1"/>
    <property name="user.dir" value="/Users/rishis/Documents/GitHub/pet-clinic-demo"/>
    <property name="os.arch" value="x86_64"/>
    <property name="git.commit.user.name" value="rsharda"/>
    <property name="git.commit.id.abbrev" value="982614b"/>
    <property name="java.vm.specification.name" value="Java Virtual Machine Specification"/>
    <property name="git.commit.id.describe-short" value="982614b-dirty"/>
    <property name="git.commit.id.describe" value="982614b-dirty"/>
    <property name="java.library.path" value="/Users/rishis/Library/Java/Extensions:/Library/Java/Extensions:/Network/Library/Java/Extensions:/System/Library/Java/Extensions:/usr/lib/java:."/>
    <property name="git.commit.message.short" value="demo"/>
    <property name="java.vm.info" value="mixed mode, sharing"/>
    <property name="java.vendor" value="N/A"/>
    <property name="java.vm.version" value="14.0.1+14"/>
    <property name="sun.io.unicode.encoding" value="UnicodeBig"/>
    <property name="java.class.version" value="58.0"/>
    <property name="git.commit.time" value="2020-11-23T16:01:13+0530"/>
    <property name="git.remote.origin.url" value="https://github.com/rsharda/pet-clinic-demo.git"/>
  </properties>
  <testcase name="testProcessUpdateOwnerFormHasErrors" classname="org.springframework.samples.petclinic.owner.OwnerControllerTests" time="0.268"/>
  <testcase name="testProcessCreationFormSuccess" classname="org.springframework.samples.petclinic.owner.OwnerControllerTests" time="0.009"/>
  <testcase name="testInitFindForm" classname="org.springframework.samples.petclinic.owner.OwnerControllerTests" time="0.024"/>
  <testcase name="testShowOwner" classname="org.springframework.samples.petclinic.owner.OwnerControllerTests" time="0.075"/>
  <testcase name="testInitUpdateOwnerForm" classname="org.springframework.samples.petclinic.owner.OwnerControllerTests" time="0.019"/>
  <testcase name="testInitCreationForm" classname="org.springframework.samples.petclinic.owner.OwnerControllerTests" time="0.019"/>
  <testcase name="testProcessFindFormByLastName" classname="org.springframework.samples.petclinic.owner.OwnerControllerTests" time="0.007"/>
  <testcase name="testProcessFindFormNoOwnersFound" classname="org.springframework.samples.petclinic.owner.OwnerControllerTests" time="0.015"/>
  <testcase name="testProcessFindFormSuccess" classname="org.springframework.samples.petclinic.owner.OwnerControllerTests" time="0.026"/>
  <testcase name="testProcessUpdateOwnerFormSuccess" classname="org.springframework.samples.petclinic.owner.OwnerControllerTests" time="0.007"/>
  <testcase name="testProcessCreationFormHasErrors" classname="org.springframework.samples.petclinic.owner.OwnerControllerTests" time="0.021"/>
</testsuite>